<?xml version="1.0" encoding="UTF-8"?>
<testsuite xmlns:xsi="http://www.w3.org/2001/XMLSchema-instance" xsi:noNamespaceSchemaLocation="https://maven.apache.org/surefire/maven-surefire-plugin/xsd/surefire-test-report.xsd" name="com.taotao.fastdfs.TestFastDFS" time="0.153" tests="2" errors="0" skipped="0" failures="0">
  <properties>
    <property name="sun.desktop" value="windows"/>
    <property name="awt.toolkit" value="sun.awt.windows.WToolkit"/>
    <property name="file.encoding.pkg" value="sun.io"/>
    <property name="java.specification.version" value="1.8"/>
    <property name="sun.cpu.isalist" value="amd64"/>
    <property name="sun.jnu.encoding" value="GBK"/>
    <property name="java.class.path" value="F:\project\com.taotao\taotao-manager-web\target\test-classes;F:\project\com.taotao\taotao-manager-web\target\classes;F:\.m2\com\taotao\taotao-common\1.0-SNAPSHOT\taotao-common-1.0-SNAPSHOT.jar;F:\.m2\joda-time\joda-time\2.5\joda-time-2.5.jar;F:\.m2\org\apache\commons\commons-lang3\3.3.2\commons-lang3-3.3.2.jar;F:\.m2\commons-io\commons-io\1.3.2\commons-io-1.3.2.jar;F:\.m2\commons-net\commons-net\3.3\commons-net-3.3.jar;F:\.m2\com\fasterxml\jackson\core\jackson-databind\2.4.2\jackson-databind-2.4.2.jar;F:\.m2\com\fasterxml\jackson\core\jackson-annotations\2.4.0\jackson-annotations-2.4.0.jar;F:\.m2\com\fasterxml\jackson\core\jackson-core\2.4.2\jackson-core-2.4.2.jar;F:\.m2\org\apache\httpcomponents\httpclient\4.3.5\httpclient-4.3.5.jar;F:\.m2\org\apache\httpcomponents\httpcore\4.3.2\httpcore-4.3.2.jar;F:\.m2\commons-logging\commons-logging\1.1.3\commons-logging-1.1.3.jar;F:\.m2\commons-codec\commons-codec\1.6\commons-codec-1.6.jar;F:\.m2\org\quartz-scheduler\quartz\2.2.2\quartz-2.2.2.jar;F:\.m2\c3p0\c3p0\0.9.1.1\c3p0-0.9.1.1.jar;F:\.m2\org\slf4j\slf4j-log4j12\1.6.4\slf4j-log4j12-1.6.4.jar;F:\.m2\com\taotao\taotao-manager-interface\1.0-SNAPSHOT\taotao-manager-interface-1.0-SNAPSHOT.jar;F:\.m2\com\taotao\taotao-manager-pojo\1.0-SNAPSHOT\taotao-manager-pojo-1.0-SNAPSHOT.jar;F:\.m2\com\taotao\taotao-content-interface\1.0-SNAPSHOT\taotao-content-interface-1.0-SNAPSHOT.jar;F:\.m2\com\taotao\taotao-search-interface\1.0-SNAPSHOT\taotao-search-interface-1.0-SNAPSHOT.jar;F:\.m2\org\springframework\spring-context\4.2.4.RELEASE\spring-context-4.2.4.RELEASE.jar;F:\.m2\org\springframework\spring-aop\4.2.4.RELEASE\spring-aop-4.2.4.RELEASE.jar;F:\.m2\aopalliance\aopalliance\1.0\aopalliance-1.0.jar;F:\.m2\org\springframework\spring-core\4.2.4.RELEASE\spring-core-4.2.4.RELEASE.jar;F:\.m2\org\springframework\spring-expression\4.2.4.RELEASE\spring-expression-4.2.4.RELEASE.jar;F:\.m2\org\springframework\spring-beans\4.2.4.RELEASE\spring-beans-4.2.4.RELEASE.jar;F:\.m2\org\springframework\spring-webmvc\4.2.4.RELEASE\spring-webmvc-4.2.4.RELEASE.jar;F:\.m2\org\springframework\spring-web\4.2.4.RELEASE\spring-web-4.2.4.RELEASE.jar;F:\.m2\org\springframework\spring-jdbc\4.2.4.RELEASE\spring-jdbc-4.2.4.RELEASE.jar;F:\.m2\org\springframework\spring-tx\4.2.4.RELEASE\spring-tx-4.2.4.RELEASE.jar;F:\.m2\org\springframework\spring-aspects\4.2.4.RELEASE\spring-aspects-4.2.4.RELEASE.jar;F:\.m2\org\aspectj\aspectjweaver\1.8.7\aspectjweaver-1.8.7.jar;F:\.m2\org\springframework\spring-jms\4.2.4.RELEASE\spring-jms-4.2.4.RELEASE.jar;F:\.m2\org\springframework\spring-messaging\4.2.4.RELEASE\spring-messaging-4.2.4.RELEASE.jar;F:\.m2\org\springframework\spring-context-support\4.2.4.RELEASE\spring-context-support-4.2.4.RELEASE.jar;F:\.m2\jstl\jstl\1.2\jstl-1.2.jar;F:\.m2\javax\servlet\servlet-api\2.5\servlet-api-2.5.jar;F:\.m2\javax\servlet\jsp-api\2.0\jsp-api-2.0.jar;F:\.m2\com\alibaba\dubbo\2.5.3\dubbo-2.5.3.jar;F:\.m2\org\javassist\javassist\3.15.0-GA\javassist-3.15.0-GA.jar;F:\.m2\org\apache\zookeeper\zookeeper\3.4.7\zookeeper-3.4.7.jar;F:\.m2\org\slf4j\slf4j-api\1.6.1\slf4j-api-1.6.1.jar;F:\.m2\log4j\log4j\1.2.16\log4j-1.2.16.jar;F:\.m2\jline\jline\0.9.94\jline-0.9.94.jar;F:\.m2\io\netty\netty\3.7.0.Final\netty-3.7.0.Final.jar;F:\.m2\com\github\sgroschupf\zkclient\0.1\zkclient-0.1.jar;F:\.m2\com\github\pagehelper\pagehelper\3.4.2-fix\pagehelper-3.4.2-fix.jar;F:\.m2\org\mybatis\mybatis\3.2.8\mybatis-3.2.8.jar;F:\.m2\com\github\jsqlparser\jsqlparser\0.9\jsqlparser-0.9.jar;F:\.m2\junit\junit\4.12\junit-4.12.jar;F:\.m2\org\hamcrest\hamcrest-core\1.3\hamcrest-core-1.3.jar;F:\.m2\fastdfs_client\fastdfs_client\1.25\fastdfs_client-1.25.jar;F:\.m2\commons-fileupload\commons-fileupload\1.3.1\commons-fileupload-1.3.1.jar;"/>
    <property name="java.vm.vendor" value="Oracle Corporation"/>
    <property name="sun.arch.data.model" value="64"/>
    <property name="user.variant" value=""/>
    <property name="java.vendor.url" value="http://java.oracle.com/"/>
    <property name="user.timezone" value="Asia/Shanghai"/>
    <property name="java.vm.specification.version" value="1.8"/>
    <property name="os.name" value="Windows 10"/>
    <property name="user.country" value="CN"/>
    <property name="sun.java.launcher" value="SUN_STANDARD"/>
    <property name="sun.boot.library.path" value="C:\Program Files\Java\jdk1.8.0_144\jre\bin"/>
    <property name="sun.java.command" value="C:\Users\Carlos\AppData\Local\Temp\surefire8932231863743141838\surefirebooter3616145127890947405.jar C:\Users\Carlos\AppData\Local\Temp\surefire8932231863743141838 2020-07-27T17-12-22_448-jvmRun1 surefire6655577597011650856tmp surefire_07461579559975018132tmp"/>
    <property name="surefire.test.class.path" value="F:\project\com.taotao\taotao-manager-web\target\test-classes;F:\project\com.taotao\taotao-manager-web\target\classes;F:\.m2\com\taotao\taotao-common\1.0-SNAPSHOT\taotao-common-1.0-SNAPSHOT.jar;F:\.m2\joda-time\joda-time\2.5\joda-time-2.5.jar;F:\.m2\org\apache\commons\commons-lang3\3.3.2\commons-lang3-3.3.2.jar;F:\.m2\commons-io\commons-io\1.3.2\commons-io-1.3.2.jar;F:\.m2\commons-net\commons-net\3.3\commons-net-3.3.jar;F:\.m2\com\fasterxml\jackson\core\jackson-databind\2.4.2\jackson-databind-2.4.2.jar;F:\.m2\com\fasterxml\jackson\core\jackson-annotations\2.4.0\jackson-annotations-2.4.0.jar;F:\.m2\com\fasterxml\jackson\core\jackson-core\2.4.2\jackson-core-2.4.2.jar;F:\.m2\org\apache\httpcomponents\httpclient\4.3.5\httpclient-4.3.5.jar;F:\.m2\org\apache\httpcomponents\httpcore\4.3.2\httpcore-4.3.2.jar;F:\.m2\commons-logging\commons-logging\1.1.3\commons-logging-1.1.3.jar;F:\.m2\commons-codec\commons-codec\1.6\commons-codec-1.6.jar;F:\.m2\org\quartz-scheduler\quartz\2.2.2\quartz-2.2.2.jar;F:\.m2\c3p0\c3p0\0.9.1.1\c3p0-0.9.1.1.jar;F:\.m2\org\slf4j\slf4j-log4j12\1.6.4\slf4j-log4j12-1.6.4.jar;F:\.m2\com\taotao\taotao-manager-interface\1.0-SNAPSHOT\taotao-manager-interface-1.0-SNAPSHOT.jar;F:\.m2\com\taotao\taotao-manager-pojo\1.0-SNAPSHOT\taotao-manager-pojo-1.0-SNAPSHOT.jar;F:\.m2\com\taotao\taotao-content-interface\1.0-SNAPSHOT\taotao-content-interface-1.0-SNAPSHOT.jar;F:\.m2\com\taotao\taotao-search-interface\1.0-SNAPSHOT\taotao-search-interface-1.0-SNAPSHOT.jar;F:\.m2\org\springframework\spring-context\4.2.4.RELEASE\spring-context-4.2.4.RELEASE.jar;F:\.m2\org\springframework\spring-aop\4.2.4.RELEASE\spring-aop-4.2.4.RELEASE.jar;F:\.m2\aopalliance\aopalliance\1.0\aopalliance-1.0.jar;F:\.m2\org\springframework\spring-core\4.2.4.RELEASE\spring-core-4.2.4.RELEASE.jar;F:\.m2\org\springframework\spring-expression\4.2.4.RELEASE\spring-expression-4.2.4.RELEASE.jar;F:\.m2\org\springframework\spring-beans\4.2.4.RELEASE\spring-beans-4.2.4.RELEASE.jar;F:\.m2\org\springframework\spring-webmvc\4.2.4.RELEASE\spring-webmvc-4.2.4.RELEASE.jar;F:\.m2\org\springframework\spring-web\4.2.4.RELEASE\spring-web-4.2.4.RELEASE.jar;F:\.m2\org\springframework\spring-jdbc\4.2.4.RELEASE\spring-jdbc-4.2.4.RELEASE.jar;F:\.m2\org\springframework\spring-tx\4.2.4.RELEASE\spring-tx-4.2.4.RELEASE.jar;F:\.m2\org\springframework\spring-aspects\4.2.4.RELEASE\spring-aspects-4.2.4.RELEASE.jar;F:\.m2\org\aspectj\aspectjweaver\1.8.7\aspectjweaver-1.8.7.jar;F:\.m2\org\springframework\spring-jms\4.2.4.RELEASE\spring-jms-4.2.4.RELEASE.jar;F:\.m2\org\springframework\spring-messaging\4.2.4.RELEASE\spring-messaging-4.2.4.RELEASE.jar;F:\.m2\org\springframework\spring-context-support\4.2.4.RELEASE\spring-context-support-4.2.4.RELEASE.jar;F:\.m2\jstl\jstl\1.2\jstl-1.2.jar;F:\.m2\javax\servlet\servlet-api\2.5\servlet-api-2.5.jar;F:\.m2\javax\servlet\jsp-api\2.0\jsp-api-2.0.jar;F:\.m2\com\alibaba\dubbo\2.5.3\dubbo-2.5.3.jar;F:\.m2\org\javassist\javassist\3.15.0-GA\javassist-3.15.0-GA.jar;F:\.m2\org\apache\zookeeper\zookeeper\3.4.7\zookeeper-3.4.7.jar;F:\.m2\org\slf4j\slf4j-api\1.6.1\slf4j-api-1.6.1.jar;F:\.m2\log4j\log4j\1.2.16\log4j-1.2.16.jar;F:\.m2\jline\jline\0.9.94\jline-0.9.94.jar;F:\.m2\io\netty\netty\3.7.0.Final\netty-3.7.0.Final.jar;F:\.m2\com\github\sgroschupf\zkclient\0.1\zkclient-0.1.jar;F:\.m2\com\github\pagehelper\pagehelper\3.4.2-fix\pagehelper-3.4.2-fix.jar;F:\.m2\org\mybatis\mybatis\3.2.8\mybatis-3.2.8.jar;F:\.m2\com\github\jsqlparser\jsqlparser\0.9\jsqlparser-0.9.jar;F:\.m2\junit\junit\4.12\junit-4.12.jar;F:\.m2\org\hamcrest\hamcrest-core\1.3\hamcrest-core-1.3.jar;F:\.m2\fastdfs_client\fastdfs_client\1.25\fastdfs_client-1.25.jar;F:\.m2\commons-fileupload\commons-fileupload\1.3.1\commons-fileupload-1.3.1.jar;"/>
    <property name="sun.cpu.endian" value="little"/>
    <property name="user.home" value="C:\Users\Carlos"/>
    <property name="user.language" value="zh"/>
    <property name="java.specification.vendor" value="Oracle Corporation"/>
    <property name="java.home" value="C:\Program Files\Java\jdk1.8.0_144\jre"/>
    <property name="basedir" value="F:\project\com.taotao\taotao-manager-web"/>
    <property name="file.separator" value="\"/>
    <property name="line.separator" value="&#10;"/>
    <property name="java.vm.specification.vendor" value="Oracle Corporation"/>
    <property name="java.specification.name" value="Java Platform API Specification"/>
    <property name="java.awt.graphicsenv" value="sun.awt.Win32GraphicsEnvironment"/>
    <property name="idea.version2020.1.3" value="true"/>
    <property name="surefire.real.class.path" value="C:\Users\Carlos\AppData\Local\Temp\surefire8932231863743141838\surefirebooter3616145127890947405.jar"/>
    <property name="sun.boot.class.path" value="C:\Program Files\Java\jdk1.8.0_144\jre\lib\resources.jar;C:\Program Files\Java\jdk1.8.0_144\jre\lib\rt.jar;C:\Program Files\Java\jdk1.8.0_144\jre\lib\sunrsasign.jar;C:\Program Files\Java\jdk1.8.0_144\jre\lib\jsse.jar;C:\Program Files\Java\jdk1.8.0_144\jre\lib\jce.jar;C:\Program Files\Java\jdk1.8.0_144\jre\lib\charsets.jar;C:\Program Files\Java\jdk1.8.0_144\jre\lib\jfr.jar;C:\Program Files\Java\jdk1.8.0_144\jre\classes"/>
    <property name="user.script" value=""/>
    <property name="sun.management.compiler" value="HotSpot 64-Bit Tiered Compilers"/>
    <property name="java.runtime.version" value="1.8.0_144-b01"/>
    <property name="user.name" value="Carlos"/>
    <property name="path.separator" value=";"/>
    <property name="os.version" value="10.0"/>
    <property name="java.endorsed.dirs" value="C:\Program Files\Java\jdk1.8.0_144\jre\lib\endorsed"/>
    <property name="java.runtime.name" value="Java(TM) SE Runtime Environment"/>
    <property name="file.encoding" value="GBK"/>
    <property name="java.vm.name" value="Java HotSpot(TM) 64-Bit Server VM"/>
    <property name="localRepository" value="F:\.m2"/>
    <property name="java.vendor.url.bug" value="http://bugreport.sun.com/bugreport/"/>
    <property name="java.io.tmpdir" value="C:\Users\Carlos\AppData\Local\Temp\"/>
    <property name="java.version" value="1.8.0_144"/>
    <property name="user.dir" value="F:\project\com.taotao\taotao-manager-web"/>
    <property name="os.arch" value="amd64"/>
    <property name="java.vm.specification.name" value="Java Virtual Machine Specification"/>
    <property name="java.awt.printerjob" value="sun.awt.windows.WPrinterJob"/>
    <property name="sun.os.patch.level" value=""/>
    <property name="java.library.path" value="C:\Program Files\Java\jdk1.8.0_144\jre\bin;C:\Windows\Sun\Java\bin;C:\Windows\system32;C:\Windows;E:\xshell\;E:\xftp\;F:\app\Carlos\product\11.2.0\dbhome_1\bin;C:\ProgramData\Oracle\Java\javapath;C:\Windows\system32;C:\Windows;C:\Windows\System32\Wbem;C:\Windows\System32\WindowsPowerShell\v1.0\;C:\Windows\System32\OpenSSH\;C:\Program Files\Java\jdk1.8.0_144\jdk1.8.0_144\bin;C:\Program Files\Java\jdk1.8.0_144\jre1.8.0_144\bin;F:\SDK\android-sdk-windows\platform-tools;F:\SDK\android-sdk-windows\tools;C:\apache-maven-3.6.3\bin;E:\New Folder\common;C:\Program Files\nodejs\;C:\Program Files\nodejs\node_global;C:\Program Files (x86)\NVIDIA Corporation\PhysX\Common;C:\Program Files\NVIDIA Corporation\NVIDIA NvDLISR;F:\chrom_selenium_driver;E:\Python\Python38;E:\Python\Python38\Scripts;E:\git\Git\cmd;E:\TortoiseGit\bin;C:\Users\Carlos\AppData\Local\Programs\Python\Python38\Scripts\;C:\Users\Carlos\AppData\Local\Programs\Python\Python38\;C:\Users\Carlos\AppData\Local\Microsoft\WindowsApps;C:\Users\Carlos\AppData\Roaming\npm;."/>
    <property name="java.vm.info" value="mixed mode"/>
    <property name="java.vendor" value="Oracle Corporation"/>
    <property name="java.vm.version" value="25.144-b01"/>
    <property name="java.ext.dirs" value="C:\Program Files\Java\jdk1.8.0_144\jre\lib\ext;C:\Windows\Sun\Java\lib\ext"/>
    <property name="sun.io.unicode.encoding" value="UnicodeLittle"/>
    <property name="java.class.version" value="52.0"/>
  </properties>
  <testcase name="uploadFile" classname="com.taotao.fastdfs.TestFastDFS" time="0.064"/>
  <testcase name="testFastDfsClient" classname="com.taotao.fastdfs.TestFastDFS" time="0.01"/>
</testsuite>